2022-10-23 23:37:05,040 INFO Driver [Test worker] Driver has been called.
2022-10-23 23:37:05,063 INFO Driver [Test worker] Driver has been called.
2022-10-23 23:37:05,193 INFO Driver [Test worker] Driver has been called.
2022-10-23 23:37:12,863 INFO Driver [Test worker] Driver has been called.
2022-10-23 23:37:12,867 INFO Driver [Test worker] Driver has been called.
2022-10-23 23:39:42,070 INFO Driver [Test worker] ////////////////////
 Driver has been called. 
////////////////////
2022-10-23 23:39:42,075 INFO Driver [Test worker] ////////////////////
 Driver has been called. 
////////////////////
2022-10-23 23:39:42,174 INFO Driver [Test worker] ////////////////////
 Driver has been called. 
////////////////////
2022-10-23 23:39:46,192 INFO Driver [Test worker] ////////////////////
 Driver has been called. 
////////////////////
2022-10-23 23:39:46,195 INFO Driver [Test worker] ////////////////////
 Driver has been called. 
////////////////////
2022-10-23 23:40:49,045 INFO Driver [Test worker] //////////////////////
Driver has been called.
//////////////////////
2022-10-23 23:40:49,053 INFO Driver [Test worker] //////////////////////
Driver has been called.
//////////////////////
2022-10-23 23:40:49,150 INFO Driver [Test worker] //////////////////////
Driver has been called.
//////////////////////
2022-10-23 23:40:53,167 INFO Driver [Test worker] //////////////////////
Driver has been called.
//////////////////////
2022-10-23 23:40:53,171 INFO Driver [Test worker] //////////////////////
Driver has been called.
//////////////////////
2022-10-23 23:44:45,656 INFO Driver [Test worker] //////////////////////
Driver has been called.
//////////////////////
2022-10-23 23:44:45,659 INFO Driver [Test worker] //////////////////////
Driver has been called.
//////////////////////
2022-10-23 23:44:45,736 INFO Driver [Test worker] //////////////////////
Driver has been called.
//////////////////////
2022-10-23 23:44:49,722 INFO Driver [Test worker] //////////////////////
Driver has been called.
//////////////////////
2022-10-23 23:44:49,725 INFO Driver [Test worker] //////////////////////
Driver has been called.
//////////////////////
2022-10-23 23:46:12,515 INFO Driver [Test worker] //////////////////////
Driver has been called.
//////////////////////
2022-10-23 23:46:12,520 INFO Driver [Test worker] //////////////////////
Driver has been called.
//////////////////////
2022-10-23 23:46:12,603 INFO Driver [Test worker] //////////////////////
Driver has been called.
//////////////////////
2022-10-23 23:46:16,643 INFO Driver [Test worker] //////////////////////
Driver has been called.
//////////////////////
2022-10-23 23:46:16,646 INFO Driver [Test worker] //////////////////////
Driver has been called.
//////////////////////
2022-10-23 23:48:40,797 INFO Driver [Test worker] 
//////////////////////
Driver has been called.
//////////////////////
2022-10-23 23:48:40,802 INFO Driver [Test worker] 
//////////////////////
Driver has been called.
//////////////////////
2022-10-23 23:48:40,883 INFO Driver [Test worker] 
//////////////////////
Driver has been called.
//////////////////////
2022-10-23 23:48:44,792 INFO Driver [Test worker] 
//////////////////////
Driver has been called.
//////////////////////
2022-10-23 23:48:44,796 INFO Driver [Test worker] 
//////////////////////
Driver has been called.
//////////////////////
